2024-12-18 15:55:19,256 - __main__ - ERROR - Error syncing order to database: 'NoneType' object is not subscriptable
2024-12-18 15:55:19,258 - __main__ - ERROR - Error in main loop: 'NoneType' object is not subscriptable
2024-12-18 15:57:04,321 - __main__ - INFO - Shutting down order sync utility...
2024-12-18 16:00:13,927 - __main__ - INFO - Attempting to fetch order 9487196 from API
2024-12-18 16:00:14,269 - __main__ - INFO - API Response Status Code: 200
2024-12-18 16:00:14,270 - __main__ - INFO - API Response Headers: {'Date': 'Wed, 18 Dec 2024 16:00:13 GMT', 'Content-Type': 'application/json; charset=utf-8', 'Transfer-Encoding': 'chunked', 'Connection': 'keep-alive', 'Access-Control-Allow-Origin': '*', 'Access-Control-Allow-Credentials': 'true', 'Access-Control-Allow-Methods': 'PUT, GET, POST, OPTIONS, DELETE, PATCH', 'Access-Control-Allow-Headers': 'DNT,Keep-Alive,User-Agent,X-Requested-With,If-Modified-Since,Cache-Control,Content-Type,Range,Authorization,Access-Control-Allow-Origin', 'Access-Control-Max-Age': '1728000', 'cf-cache-status': 'DYNAMIC', 'Server': 'cloudflare', 'CF-RAY': '8f405d511b14e8fc-LHR', 'Content-Encoding': 'gzip'}
2024-12-18 16:00:14,309 - __main__ - ERROR - Error syncing order to database: 'NoneType' object is not subscriptable
2024-12-18 16:00:14,310 - __main__ - ERROR - Error in main loop: 'NoneType' object is not subscriptable
2024-12-18 16:05:14,311 - __main__ - INFO - Attempting to fetch order 9487196 from API
2024-12-18 16:05:14,639 - __main__ - INFO - API Response Status Code: 200
2024-12-18 16:05:14,640 - __main__ - INFO - API Response Headers: {'Date': 'Wed, 18 Dec 2024 16:05:13 GMT', 'Content-Type': 'application/json; charset=utf-8', 'Transfer-Encoding': 'chunked', 'Connection': 'keep-alive', 'Access-Control-Allow-Origin': '*', 'Access-Control-Allow-Credentials': 'true', 'Access-Control-Allow-Methods': 'PUT, GET, POST, OPTIONS, DELETE, PATCH', 'Access-Control-Allow-Headers': 'DNT,Keep-Alive,User-Agent,X-Requested-With,If-Modified-Since,Cache-Control,Content-Type,Range,Authorization,Access-Control-Allow-Origin', 'Access-Control-Max-Age': '1728000', 'cf-cache-status': 'DYNAMIC', 'Server': 'cloudflare', 'CF-RAY': '8f4064a69d0871ea-LHR', 'Content-Encoding': 'gzip'}
2024-12-18 16:05:14,655 - __main__ - ERROR - Error syncing order to database: 'NoneType' object is not subscriptable
2024-12-18 16:05:14,656 - __main__ - ERROR - Error in main loop: 'NoneType' object is not subscriptable
2024-12-18 16:07:38,148 - __main__ - INFO - Attempting to fetch order 9487196 from API
2024-12-18 16:09:37,790 - __main__ - INFO - Attempting to fetch order 9487196 from API
2024-12-18 16:09:43,626 - __main__ - INFO - API Response Status Code: 200
2024-12-18 16:09:44,833 - __main__ - INFO - API Response Headers: {'Date': 'Wed, 18 Dec 2024 16:09:41 GMT', 'Content-Type': 'application/json; charset=utf-8', 'Transfer-Encoding': 'chunked', 'Connection': 'keep-alive', 'Access-Control-Allow-Origin': '*', 'Access-Control-Allow-Credentials': 'true', 'Access-Control-Allow-Methods': 'PUT, GET, POST, OPTIONS, DELETE, PATCH', 'Access-Control-Allow-Headers': 'DNT,Keep-Alive,User-Agent,X-Requested-With,If-Modified-Since,Cache-Control,Content-Type,Range,Authorization,Access-Control-Allow-Origin', 'Access-Control-Max-Age': '1728000', 'cf-cache-status': 'DYNAMIC', 'Server': 'cloudflare', 'CF-RAY': '8f406b317dc160fb-LHR', 'Content-Encoding': 'gzip'}
2024-12-18 16:09:46,423 - __main__ - INFO - API Response URL: https://api.restajet.com/admin_v1/order/Detail?ID=9487196&SessionToken=eyJhbGciOiJIUzI1NiIsInR5cCI6IkpXVCJ9.eyJVc2VySUQiOiI1NDc3IiwiQ29tcGFueUlEIjoiMjkyMCIsImV4cCI6MTc2NjA1MDI5MX0.pRCk4CfcozQlL-ApU8CcBd_z1sHuI9eEoYVM0pY7mLc
2024-12-18 16:09:50,465 - __main__ - INFO - API Response URL: /admin_v1/order/Detail?ID=9487196&SessionToken=eyJhbGciOiJIUzI1NiIsInR5cCI6IkpXVCJ9.eyJVc2VySUQiOiI1NDc3IiwiQ29tcGFueUlEIjoiMjkyMCIsImV4cCI6MTc2NjA1MDI5MX0.pRCk4CfcozQlL-ApU8CcBd_z1sHuI9eEoYVM0pY7mLc
2024-12-18 16:10:14,658 - __main__ - INFO - Attempting to fetch order 9487196 from API
2024-12-18 16:10:14,806 - __main__ - INFO - API Response Status Code: 200
2024-12-18 16:10:14,807 - __main__ - INFO - API Response Headers: {'Date': 'Wed, 18 Dec 2024 16:10:13 GMT', 'Content-Type': 'application/json; charset=utf-8', 'Transfer-Encoding': 'chunked', 'Connection': 'keep-alive', 'Access-Control-Allow-Origin': '*', 'Access-Control-Allow-Credentials': 'true', 'Access-Control-Allow-Methods': 'PUT, GET, POST, OPTIONS, DELETE, PATCH', 'Access-Control-Allow-Headers': 'DNT,Keep-Alive,User-Agent,X-Requested-With,If-Modified-Since,Cache-Control,Content-Type,Range,Authorization,Access-Control-Allow-Origin', 'Access-Control-Max-Age': '1728000', 'cf-cache-status': 'DYNAMIC', 'Server': 'cloudflare', 'CF-RAY': '8f406bfbccf37330-LHR', 'Content-Encoding': 'gzip'}
2024-12-18 16:10:14,820 - __main__ - ERROR - Error syncing order to database: 'NoneType' object is not subscriptable
2024-12-18 16:10:14,821 - __main__ - ERROR - Error in main loop: 'NoneType' object is not subscriptable
2024-12-18 16:10:35,741 - __main__ - ERROR - Error syncing order to database: 'NoneType' object is not subscriptable
2024-12-18 16:10:43,686 - __main__ - ERROR - Error in main loop: 'NoneType' object is not subscriptable
2024-12-18 16:10:56,608 - __main__ - INFO - Attempting to fetch order 9487196 from API
2024-12-18 16:11:20,581 - __main__ - INFO - API Response Status Code: 200
2024-12-18 16:11:20,582 - __main__ - INFO - API Response Headers: {'Date': 'Wed, 18 Dec 2024 16:11:19 GMT', 'Content-Type': 'application/json; charset=utf-8', 'Transfer-Encoding': 'chunked', 'Connection': 'keep-alive', 'Access-Control-Allow-Origin': '*', 'Access-Control-Allow-Credentials': 'true', 'Access-Control-Allow-Methods': 'PUT, GET, POST, OPTIONS, DELETE, PATCH', 'Access-Control-Allow-Headers': 'DNT,Keep-Alive,User-Agent,X-Requested-With,If-Modified-Since,Cache-Control,Content-Type,Range,Authorization,Access-Control-Allow-Origin', 'Access-Control-Max-Age': '1728000', 'cf-cache-status': 'DYNAMIC', 'Server': 'cloudflare', 'CF-RAY': '8f406d95fe45e906-LHR', 'Content-Encoding': 'gzip'}
2024-12-18 16:11:20,584 - __main__ - INFO - API Response URL: https://api.restajet.com/admin_v1/order/Detail?ID=9487196&SessionToken=eyJhbGciOiJIUzI1NiIsInR5cCI6IkpXVCJ9.eyJVc2VySUQiOiI1NDc3IiwiQ29tcGFueUlEIjoiMjkyMCIsImV4cCI6MTc2NjA1MDI5MX0.pRCk4CfcozQlL-ApU8CcBd_z1sHuI9eEoYVM0pY7mLc
2024-12-18 16:11:20,585 - __main__ - INFO - API Response URL: /admin_v1/order/Detail?ID=9487196&SessionToken=eyJhbGciOiJIUzI1NiIsInR5cCI6IkpXVCJ9.eyJVc2VySUQiOiI1NDc3IiwiQ29tcGFueUlEIjoiMjkyMCIsImV4cCI6MTc2NjA1MDI5MX0.pRCk4CfcozQlL-ApU8CcBd_z1sHuI9eEoYVM0pY7mLc
2024-12-18 16:12:38,452 - __main__ - ERROR - Error syncing order to database: 'NoneType' object is not subscriptable
2024-12-18 16:15:14,824 - __main__ - INFO - Attempting to fetch order 9487196 from API
2024-12-18 16:15:14,947 - __main__ - INFO - API Response Status Code: 200
2024-12-18 16:15:14,948 - __main__ - INFO - API Response Headers: {'Date': 'Wed, 18 Dec 2024 16:15:13 GMT', 'Content-Type': 'application/json; charset=utf-8', 'Transfer-Encoding': 'chunked', 'Connection': 'keep-alive', 'Access-Control-Allow-Origin': '*', 'Access-Control-Allow-Credentials': 'true', 'Access-Control-Allow-Methods': 'PUT, GET, POST, OPTIONS, DELETE, PATCH', 'Access-Control-Allow-Headers': 'DNT,Keep-Alive,User-Agent,X-Requested-With,If-Modified-Since,Cache-Control,Content-Type,Range,Authorization,Access-Control-Allow-Origin', 'Access-Control-Max-Age': '1728000', 'cf-cache-status': 'DYNAMIC', 'Server': 'cloudflare', 'CF-RAY': '8f40734fcf18ef1f-LHR', 'Content-Encoding': 'gzip'}
2024-12-18 16:15:14,958 - __main__ - ERROR - Error syncing order to database: 'NoneType' object is not subscriptable
2024-12-18 16:15:14,959 - __main__ - ERROR - Error in main loop: 'NoneType' object is not subscriptable
2024-12-18 16:20:14,960 - __main__ - INFO - Attempting to fetch order 9487196 from API
2024-12-18 16:20:15,203 - __main__ - INFO - API Response Status Code: 200
2024-12-18 16:20:15,204 - __main__ - INFO - API Response Headers: {'Date': 'Wed, 18 Dec 2024 16:20:14 GMT', 'Content-Type': 'application/json; charset=utf-8', 'Transfer-Encoding': 'chunked', 'Connection': 'keep-alive', 'Access-Control-Allow-Origin': '*', 'Access-Control-Allow-Credentials': 'true', 'Access-Control-Allow-Methods': 'PUT, GET, POST, OPTIONS, DELETE, PATCH', 'Access-Control-Allow-Headers': 'DNT,Keep-Alive,User-Agent,X-Requested-With,If-Modified-Since,Cache-Control,Content-Type,Range,Authorization,Access-Control-Allow-Origin', 'Access-Control-Max-Age': '1728000', 'cf-cache-status': 'DYNAMIC', 'Server': 'cloudflare', 'CF-RAY': '8f407aa3c80cbd9b-LHR', 'Content-Encoding': 'gzip'}
2024-12-18 16:20:15,226 - __main__ - ERROR - Error syncing order to database: 'NoneType' object is not subscriptable
2024-12-18 16:20:15,227 - __main__ - ERROR - Error in main loop: 'NoneType' object is not subscriptable
2024-12-18 16:25:15,228 - __main__ - INFO - Attempting to fetch order 9487196 from API
2024-12-18 16:25:15,657 - __main__ - INFO - API Response Status Code: 200
2024-12-18 16:25:15,658 - __main__ - INFO - API Response Headers: {'Date': 'Wed, 18 Dec 2024 16:25:14 GMT', 'Content-Type': 'application/json; charset=utf-8', 'Transfer-Encoding': 'chunked', 'Connection': 'keep-alive', 'Access-Control-Allow-Origin': '*', 'Access-Control-Allow-Credentials': 'true', 'Access-Control-Allow-Methods': 'PUT, GET, POST, OPTIONS, DELETE, PATCH', 'Access-Control-Allow-Headers': 'DNT,Keep-Alive,User-Agent,X-Requested-With,If-Modified-Since,Cache-Control,Content-Type,Range,Authorization,Access-Control-Allow-Origin', 'Access-Control-Max-Age': '1728000', 'cf-cache-status': 'DYNAMIC', 'Server': 'cloudflare', 'CF-RAY': '8f4081f85b47bd7f-LHR', 'Content-Encoding': 'gzip'}
2024-12-18 16:25:15,671 - __main__ - ERROR - Error syncing order to database: 'NoneType' object is not subscriptable
2024-12-18 16:25:15,671 - __main__ - ERROR - Error in main loop: 'NoneType' object is not subscriptable
2024-12-18 16:28:40,242 - __main__ - INFO - Attempting to fetch order 9487196 from API
2024-12-18 16:28:46,600 - __main__ - INFO - API Response Headers: {'Date': 'Wed, 18 Dec 2024 16:28:45 GMT', 'Content-Type': 'application/json; charset=utf-8', 'Transfer-Encoding': 'chunked', 'Connection': 'keep-alive', 'Access-Control-Allow-Origin': '*', 'Access-Control-Allow-Credentials': 'true', 'Access-Control-Allow-Methods': 'PUT, GET, POST, OPTIONS, DELETE, PATCH', 'Access-Control-Allow-Headers': 'DNT,Keep-Alive,User-Agent,X-Requested-With,If-Modified-Since,Cache-Control,Content-Type,Range,Authorization,Access-Control-Allow-Origin', 'Access-Control-Max-Age': '1728000', 'cf-cache-status': 'DYNAMIC', 'Server': 'cloudflare', 'CF-RAY': '8f40871fb9f0b3ab-MAN', 'Content-Encoding': 'gzip'}
2024-12-18 16:28:46,601 - __main__ - INFO - API Response URL: https://api.restajet.com/admin_v1/order/Detail?ID=9487196&SessionToken=eyJhbGciOiJIUzI1NiIsInR5cCI6IkpXVCJ9.eyJVc2VySUQiOiI1NDc3IiwiQ29tcGFueUlEIjoiMjkyMCIsImV4cCI6MTc2NjA1MDI5MX0.pRCk4CfcozQlL-ApU8CcBd_z1sHuI9eEoYVM0pY7mLc
2024-12-18 16:28:46,602 - __main__ - INFO - API Response URL: /admin_v1/order/Detail?ID=9487196&SessionToken=eyJhbGciOiJIUzI1NiIsInR5cCI6IkpXVCJ9.eyJVc2VySUQiOiI1NDc3IiwiQ29tcGFueUlEIjoiMjkyMCIsImV4cCI6MTc2NjA1MDI5MX0.pRCk4CfcozQlL-ApU8CcBd_z1sHuI9eEoYVM0pY7mLc
2024-12-18 16:29:06,444 - __main__ - INFO - Attempting to fetch order 9487196 from API
2024-12-18 16:29:43,166 - __main__ - INFO - API Response Headers: {'Date': 'Wed, 18 Dec 2024 16:29:42 GMT', 'Content-Type': 'application/json; charset=utf-8', 'Transfer-Encoding': 'chunked', 'Connection': 'keep-alive', 'Access-Control-Allow-Origin': '*', 'Access-Control-Allow-Credentials': 'true', 'Access-Control-Allow-Methods': 'PUT, GET, POST, OPTIONS, DELETE, PATCH', 'Access-Control-Allow-Headers': 'DNT,Keep-Alive,User-Agent,X-Requested-With,If-Modified-Since,Cache-Control,Content-Type,Range,Authorization,Access-Control-Allow-Origin', 'Access-Control-Max-Age': '1728000', 'cf-cache-status': 'DYNAMIC', 'Server': 'cloudflare', 'CF-RAY': '8f408881bf16b384-MAN', 'Content-Encoding': 'gzip'}
2024-12-18 16:29:43,167 - __main__ - INFO - API Response URL: https://api.restajet.com/admin_v1/order/Detail?ID=9487196&SessionToken=eyJhbGciOiJIUzI1NiIsInR5cCI6IkpXVCJ9.eyJVc2VySUQiOiI1NDc3IiwiQ29tcGFueUlEIjoiMjkyMCIsImV4cCI6MTc2NjA1MDI5MX0.pRCk4CfcozQlL-ApU8CcBd_z1sHuI9eEoYVM0pY7mLc
2024-12-18 16:29:43,168 - __main__ - INFO - API Response URL: /admin_v1/order/Detail?ID=9487196&SessionToken=eyJhbGciOiJIUzI1NiIsInR5cCI6IkpXVCJ9.eyJVc2VySUQiOiI1NDc3IiwiQ29tcGFueUlEIjoiMjkyMCIsImV4cCI6MTc2NjA1MDI5MX0.pRCk4CfcozQlL-ApU8CcBd_z1sHuI9eEoYVM0pY7mLc
2024-12-18 16:30:15,673 - __main__ - INFO - Attempting to fetch order 9487196 from API
2024-12-18 16:30:16,101 - __main__ - INFO - API Response Status Code: 200
2024-12-18 16:30:16,102 - __main__ - INFO - API Response Headers: {'Date': 'Wed, 18 Dec 2024 16:30:15 GMT', 'Content-Type': 'application/json; charset=utf-8', 'Transfer-Encoding': 'chunked', 'Connection': 'keep-alive', 'Access-Control-Allow-Origin': '*', 'Access-Control-Allow-Credentials': 'true', 'Access-Control-Allow-Methods': 'PUT, GET, POST, OPTIONS, DELETE, PATCH', 'Access-Control-Allow-Headers': 'DNT,Keep-Alive,User-Agent,X-Requested-With,If-Modified-Since,Cache-Control,Content-Type,Range,Authorization,Access-Control-Allow-Origin', 'Access-Control-Max-Age': '1728000', 'cf-cache-status': 'DYNAMIC', 'Server': 'cloudflare', 'CF-RAY': '8f40894e2d3194c3-LHR', 'Content-Encoding': 'gzip'}
2024-12-18 16:31:02,035 - __main__ - ERROR - Error syncing order to database: 'NoneType' object is not subscriptable
2024-12-18 16:31:02,036 - __main__ - ERROR - Error in main loop: 'NoneType' object is not subscriptable
2024-12-18 16:31:06,285 - __main__ - INFO - Attempting to fetch order 9487196 from API
2024-12-18 16:31:18,651 - __main__ - INFO - API Response Headers: {'Date': 'Wed, 18 Dec 2024 16:31:17 GMT', 'Content-Type': 'application/json; charset=utf-8', 'Transfer-Encoding': 'chunked', 'Connection': 'keep-alive', 'Access-Control-Allow-Origin': '*', 'Access-Control-Allow-Credentials': 'true', 'Access-Control-Allow-Methods': 'PUT, GET, POST, OPTIONS, DELETE, PATCH', 'Access-Control-Allow-Headers': 'DNT,Keep-Alive,User-Agent,X-Requested-With,If-Modified-Since,Cache-Control,Content-Type,Range,Authorization,Access-Control-Allow-Origin', 'Access-Control-Max-Age': '1728000', 'cf-cache-status': 'DYNAMIC', 'Server': 'cloudflare', 'CF-RAY': '8f408ad6aff90759-MAN', 'Content-Encoding': 'gzip'}
2024-12-18 16:31:18,652 - __main__ - INFO - API Response URL: https://api.restajet.com/admin_v1/order/Detail?ID=9487196&SessionToken=eyJhbGciOiJIUzI1NiIsInR5cCI6IkpXVCJ9.eyJVc2VySUQiOiI1NDc3IiwiQ29tcGFueUlEIjoiMjkyMCIsImV4cCI6MTc2NjA1MDI5MX0.pRCk4CfcozQlL-ApU8CcBd_z1sHuI9eEoYVM0pY7mLc
2024-12-18 16:31:18,653 - __main__ - INFO - API Response URL: /admin_v1/order/Detail?ID=9487196&SessionToken=eyJhbGciOiJIUzI1NiIsInR5cCI6IkpXVCJ9.eyJVc2VySUQiOiI1NDc3IiwiQ29tcGFueUlEIjoiMjkyMCIsImV4cCI6MTc2NjA1MDI5MX0.pRCk4CfcozQlL-ApU8CcBd_z1sHuI9eEoYVM0pY7mLc
2024-12-18 16:31:28,584 - __main__ - ERROR - Error syncing order to database: 'NoneType' object is not subscriptable
2024-12-18 16:31:28,585 - __main__ - ERROR - Error in main loop: 'NoneType' object is not subscriptable
2024-12-18 16:31:53,177 - __main__ - INFO - Attempting to fetch order 9487196 from API
2024-12-18 16:32:07,004 - __main__ - INFO - API Response Headers: {'Date': 'Wed, 18 Dec 2024 16:32:06 GMT', 'Content-Type': 'application/json; charset=utf-8', 'Transfer-Encoding': 'chunked', 'Connection': 'keep-alive', 'Access-Control-Allow-Origin': '*', 'Access-Control-Allow-Credentials': 'true', 'Access-Control-Allow-Methods': 'PUT, GET, POST, OPTIONS, DELETE, PATCH', 'Access-Control-Allow-Headers': 'DNT,Keep-Alive,User-Agent,X-Requested-With,If-Modified-Since,Cache-Control,Content-Type,Range,Authorization,Access-Control-Allow-Origin', 'Access-Control-Max-Age': '1728000', 'cf-cache-status': 'DYNAMIC', 'Server': 'cloudflare', 'CF-RAY': '8f408c04edaa9485-LHR', 'Content-Encoding': 'gzip'}
2024-12-18 16:32:07,004 - __main__ - INFO - API Response URL: https://api.restajet.com/admin_v1/order/Detail?ID=9487196&SessionToken=eyJhbGciOiJIUzI1NiIsInR5cCI6IkpXVCJ9.eyJVc2VySUQiOiI1NDc3IiwiQ29tcGFueUlEIjoiMjkyMCIsImV4cCI6MTc2NjA1MDI5MX0.pRCk4CfcozQlL-ApU8CcBd_z1sHuI9eEoYVM0pY7mLc
2024-12-18 16:32:07,005 - __main__ - INFO - API Response URL: /admin_v1/order/Detail?ID=9487196&SessionToken=eyJhbGciOiJIUzI1NiIsInR5cCI6IkpXVCJ9.eyJVc2VySUQiOiI1NDc3IiwiQ29tcGFueUlEIjoiMjkyMCIsImV4cCI6MTc2NjA1MDI5MX0.pRCk4CfcozQlL-ApU8CcBd_z1sHuI9eEoYVM0pY7mLc
2024-12-18 16:32:12,376 - __main__ - ERROR - Error syncing order to database: 'NoneType' object is not subscriptable
2024-12-18 16:32:12,377 - __main__ - ERROR - Error in main loop: 'NoneType' object is not subscriptable
2024-12-18 16:32:32,206 - __main__ - INFO - Attempting to fetch order 9487196 from API
2024-12-18 16:32:33,735 - __main__ - INFO - API Response URL: https://api.restajet.com/admin_v1/order/Detail?ID=9487196&SessionToken=eyJhbGciOiJIUzI1NiIsInR5cCI6IkpXVCJ9.eyJVc2VySUQiOiI1NDc3IiwiQ29tcGFueUlEIjoiMjkyMCIsImV4cCI6MTc2NjA1MDI5MX0.pRCk4CfcozQlL-ApU8CcBd_z1sHuI9eEoYVM0pY7mLc
2024-12-18 16:36:02,038 - __main__ - INFO - Attempting to fetch order 9487196 from API
2024-12-18 16:36:02,205 - __main__ - INFO - API Response Status Code: 200
2024-12-18 16:36:02,206 - __main__ - INFO - API Response Headers: {'Date': 'Wed, 18 Dec 2024 16:36:01 GMT', 'Content-Type': 'application/json; charset=utf-8', 'Transfer-Encoding': 'chunked', 'Connection': 'keep-alive', 'Access-Control-Allow-Origin': '*', 'Access-Control-Allow-Credentials': 'true', 'Access-Control-Allow-Methods': 'PUT, GET, POST, OPTIONS, DELETE, PATCH', 'Access-Control-Allow-Headers': 'DNT,Keep-Alive,User-Agent,X-Requested-With,If-Modified-Since,Cache-Control,Content-Type,Range,Authorization,Access-Control-Allow-Origin', 'Access-Control-Max-Age': '1728000', 'cf-cache-status': 'DYNAMIC', 'Server': 'cloudflare', 'CF-RAY': '8f4091c30b19d1fd-LHR', 'Content-Encoding': 'gzip'}
2024-12-18 16:36:31,203 - __main__ - ERROR - Error syncing order to database: 'NoneType' object is not subscriptable
2024-12-18 16:36:31,203 - __main__ - ERROR - Error in main loop: 'NoneType' object is not subscriptable
2024-12-18 16:36:35,410 - __main__ - INFO - Attempting to fetch order 9487196 from API
2024-12-18 16:36:45,813 - __main__ - INFO - API Response URL: https://api.restajet.com/admin_v1/order/Detail?ID=9487196&SessionToken=eyJhbGciOiJIUzI1NiIsInR5cCI6IkpXVCJ9.eyJVc2VySUQiOiI1NDc3IiwiQ29tcGFueUlEIjoiMjkyMCIsImV4cCI6MTc2NjA1MDI5MX0.pRCk4CfcozQlL-ApU8CcBd_z1sHuI9eEoYVM0pY7mLc
2024-12-18 16:37:54,075 - __main__ - INFO - Attempting to fetch order 9487196 from API
2024-12-18 16:37:54,407 - __main__ - INFO - API Response URL: https://api.restajet.com/admin_v1/order/Detail?ID=9487196&SessionToken=eyJhbGciOiJIUzI1NiIsInR5cCI6IkpXVCJ9.eyJVc2VySUQiOiI1NDc3IiwiQ29tcGFueUlEIjoiMjkyMCIsImV4cCI6MTc2NjA1MDI5MX0.pRCk4CfcozQlL-ApU8CcBd_z1sHuI9eEoYVM0pY7mLc
2024-12-18 16:39:01,511 - __main__ - ERROR - Error syncing order to database: argument of type 'NoneType' is not iterable
2024-12-18 16:39:03,404 - __main__ - ERROR - Error in main loop: argument of type 'NoneType' is not iterable
2024-12-18 16:40:14,345 - __main__ - INFO - Attempting to fetch order 9487196 from API
2024-12-18 16:40:14,497 - __main__ - INFO - API Response URL: https://api.restajet.com/admin_v1/order/Detail?ID=9487196&SessionToken=eyJhbGciOiJIUzI1NiIsInR5cCI6IkpXVCJ9.eyJVc2VySUQiOiI1NDc3IiwiQ29tcGFueUlEIjoiMjkyMCIsImV4cCI6MTc2NjA1MDI5MX0.pRCk4CfcozQlL-ApU8CcBd_z1sHuI9eEoYVM0pY7mLc
2024-12-18 16:40:23,278 - __main__ - ERROR - Error syncing order to database: 'NoneType' object is not subscriptable
2024-12-18 16:40:26,028 - __main__ - ERROR - Error in main loop: 'NoneType' object is not subscriptable
2024-12-18 16:41:31,204 - __main__ - INFO - Attempting to fetch order 9487196 from API
2024-12-18 16:41:31,353 - __main__ - INFO - API Response Status Code: 200
2024-12-18 16:41:31,353 - __main__ - INFO - API Response Headers: {'Date': 'Wed, 18 Dec 2024 16:41:30 GMT', 'Content-Type': 'application/json; charset=utf-8', 'Transfer-Encoding': 'chunked', 'Connection': 'keep-alive', 'Access-Control-Allow-Origin': '*', 'Access-Control-Allow-Credentials': 'true', 'Access-Control-Allow-Methods': 'PUT, GET, POST, OPTIONS, DELETE, PATCH', 'Access-Control-Allow-Headers': 'DNT,Keep-Alive,User-Agent,X-Requested-With,If-Modified-Since,Cache-Control,Content-Type,Range,Authorization,Access-Control-Allow-Origin', 'Access-Control-Max-Age': '1728000', 'cf-cache-status': 'DYNAMIC', 'Server': 'cloudflare', 'CF-RAY': '8f4099cc3b84eb1d-MAN', 'Content-Encoding': 'gzip'}
2024-12-18 16:41:31,363 - __main__ - ERROR - Error syncing order to database: 'NoneType' object is not subscriptable
2024-12-18 16:41:31,364 - __main__ - ERROR - Error in main loop: 'NoneType' object is not subscriptable
2024-12-18 16:45:26,038 - __main__ - INFO - Attempting to fetch order 9487196 from API
2024-12-18 16:45:26,185 - __main__ - INFO - API Response URL: https://api.restajet.com/admin_v1/order/Detail?ID=9487196&SessionToken=eyJhbGciOiJIUzI1NiIsInR5cCI6IkpXVCJ9.eyJVc2VySUQiOiI1NDc3IiwiQ29tcGFueUlEIjoiMjkyMCIsImV4cCI6MTc2NjA1MDI5MX0.pRCk4CfcozQlL-ApU8CcBd_z1sHuI9eEoYVM0pY7mLc
2024-12-18 16:46:31,369 - __main__ - INFO - Attempting to fetch order 9487196 from API
2024-12-18 16:46:31,587 - __main__ - INFO - API Response Status Code: 200
2024-12-18 16:46:31,587 - __main__ - INFO - API Response Headers: {'Date': 'Wed, 18 Dec 2024 16:46:30 GMT', 'Content-Type': 'application/json; charset=utf-8', 'Transfer-Encoding': 'chunked', 'Connection': 'keep-alive', 'Access-Control-Allow-Origin': '*', 'Access-Control-Allow-Credentials': 'true', 'Access-Control-Allow-Methods': 'PUT, GET, POST, OPTIONS, DELETE, PATCH', 'Access-Control-Allow-Headers': 'DNT,Keep-Alive,User-Agent,X-Requested-With,If-Modified-Since,Cache-Control,Content-Type,Range,Authorization,Access-Control-Allow-Origin', 'Access-Control-Max-Age': '1728000', 'cf-cache-status': 'DYNAMIC', 'Server': 'cloudflare', 'CF-RAY': '8f40a1205a374188-LHR', 'Content-Encoding': 'gzip'}
2024-12-18 16:46:31,597 - __main__ - ERROR - Error syncing order to database: 'NoneType' object is not subscriptable
2024-12-18 16:46:31,597 - __main__ - ERROR - Error in main loop: 'NoneType' object is not subscriptable
2024-12-18 16:51:31,603 - __main__ - INFO - Attempting to fetch order 9487196 from API
2024-12-18 16:51:31,817 - __main__ - INFO - API Response Status Code: 200
2024-12-18 16:51:31,817 - __main__ - INFO - API Response Headers: {'Date': 'Wed, 18 Dec 2024 16:51:30 GMT', 'Content-Type': 'application/json; charset=utf-8', 'Transfer-Encoding': 'chunked', 'Connection': 'keep-alive', 'Access-Control-Allow-Origin': '*', 'Access-Control-Allow-Credentials': 'true', 'Access-Control-Allow-Methods': 'PUT, GET, POST, OPTIONS, DELETE, PATCH', 'Access-Control-Allow-Headers': 'DNT,Keep-Alive,User-Agent,X-Requested-With,If-Modified-Since,Cache-Control,Content-Type,Range,Authorization,Access-Control-Allow-Origin', 'Access-Control-Max-Age': '1728000', 'cf-cache-status': 'DYNAMIC', 'Server': 'cloudflare', 'CF-RAY': '8f40a874aea3b0dd-MAN', 'Content-Encoding': 'gzip'}
2024-12-18 16:51:31,822 - __main__ - ERROR - Error syncing order to database: 'NoneType' object is not subscriptable
2024-12-18 16:51:31,822 - __main__ - ERROR - Error in main loop: 'NoneType' object is not subscriptable
2024-12-18 16:56:31,838 - __main__ - INFO - Attempting to fetch order 9487196 from API
2024-12-18 16:56:32,988 - __main__ - INFO - API Response Status Code: 200
2024-12-18 16:56:32,988 - __main__ - INFO - API Response Headers: {'Date': 'Wed, 18 Dec 2024 16:56:32 GMT', 'Content-Type': 'application/json; charset=utf-8', 'Transfer-Encoding': 'chunked', 'Connection': 'keep-alive', 'Access-Control-Allow-Origin': '*', 'Access-Control-Allow-Credentials': 'true', 'Access-Control-Allow-Methods': 'PUT, GET, POST, OPTIONS, DELETE, PATCH', 'Access-Control-Allow-Headers': 'DNT,Keep-Alive,User-Agent,X-Requested-With,If-Modified-Since,Cache-Control,Content-Type,Range,Authorization,Access-Control-Allow-Origin', 'Access-Control-Max-Age': '1728000', 'cf-cache-status': 'DYNAMIC', 'Server': 'cloudflare', 'CF-RAY': '8f40afcf8b6521ce-MAN', 'Content-Encoding': 'gzip'}
2024-12-18 16:56:32,998 - __main__ - ERROR - Error syncing order to database: 'NoneType' object is not subscriptable
2024-12-18 16:56:32,998 - __main__ - ERROR - Error in main loop: 'NoneType' object is not subscriptable
2024-12-18 17:01:33,007 - __main__ - INFO - Attempting to fetch order 9487196 from API
2024-12-18 17:01:33,275 - __main__ - INFO - API Response Status Code: 200
2024-12-18 17:01:33,275 - __main__ - INFO - API Response Headers: {'Date': 'Wed, 18 Dec 2024 17:01:32 GMT', 'Content-Type': 'application/json; charset=utf-8', 'Transfer-Encoding': 'chunked', 'Connection': 'keep-alive', 'Access-Control-Allow-Origin': '*', 'Access-Control-Allow-Credentials': 'true', 'Access-Control-Allow-Methods': 'PUT, GET, POST, OPTIONS, DELETE, PATCH', 'Access-Control-Allow-Headers': 'DNT,Keep-Alive,User-Agent,X-Requested-With,If-Modified-Since,Cache-Control,Content-Type,Range,Authorization,Access-Control-Allow-Origin', 'Access-Control-Max-Age': '1728000', 'cf-cache-status': 'DYNAMIC', 'Server': 'cloudflare', 'CF-RAY': '8f40b7237976bf09-LHR', 'Content-Encoding': 'gzip'}
2024-12-18 17:01:33,285 - __main__ - ERROR - Error syncing order to database: 'NoneType' object is not subscriptable
2024-12-18 17:01:33,285 - __main__ - ERROR - Error in main loop: 'NoneType' object is not subscriptable
2024-12-18 17:06:33,288 - __main__ - INFO - Attempting to fetch order 9487196 from API
2024-12-18 17:06:33,428 - __main__ - INFO - API Response Status Code: 200
2024-12-18 17:06:33,428 - __main__ - INFO - API Response Headers: {'Date': 'Wed, 18 Dec 2024 17:06:32 GMT', 'Content-Type': 'application/json; charset=utf-8', 'Transfer-Encoding': 'chunked', 'Connection': 'keep-alive', 'Access-Control-Allow-Origin': '*', 'Access-Control-Allow-Credentials': 'true', 'Access-Control-Allow-Methods': 'PUT, GET, POST, OPTIONS, DELETE, PATCH', 'Access-Control-Allow-Headers': 'DNT,Keep-Alive,User-Agent,X-Requested-With,If-Modified-Since,Cache-Control,Content-Type,Range,Authorization,Access-Control-Allow-Origin', 'Access-Control-Max-Age': '1728000', 'cf-cache-status': 'DYNAMIC', 'Server': 'cloudflare', 'CF-RAY': '8f40be784e99bd9b-LHR', 'Content-Encoding': 'gzip'}
2024-12-18 17:06:33,453 - __main__ - ERROR - Error syncing order to database: 'NoneType' object is not subscriptable
2024-12-18 17:06:33,454 - __main__ - ERROR - Error in main loop: 'NoneType' object is not subscriptable
2024-12-18 17:11:33,464 - __main__ - INFO - Attempting to fetch order 9487196 from API
2024-12-18 17:11:34,413 - __main__ - INFO - API Response Status Code: 200
2024-12-18 17:11:34,413 - __main__ - INFO - API Response Headers: {'Date': 'Wed, 18 Dec 2024 17:11:33 GMT', 'Content-Type': 'application/json; charset=utf-8', 'Transfer-Encoding': 'chunked', 'Connection': 'keep-alive', 'Access-Control-Allow-Origin': '*', 'Access-Control-Allow-Credentials': 'true', 'Access-Control-Allow-Methods': 'PUT, GET, POST, OPTIONS, DELETE, PATCH', 'Access-Control-Allow-Headers': 'DNT,Keep-Alive,User-Agent,X-Requested-With,If-Modified-Since,Cache-Control,Content-Type,Range,Authorization,Access-Control-Allow-Origin', 'Access-Control-Max-Age': '1728000', 'cf-cache-status': 'DYNAMIC', 'Server': 'cloudflare', 'CF-RAY': '8f40c5d02dfaef50-LHR', 'Content-Encoding': 'gzip'}
2024-12-18 17:11:34,440 - __main__ - ERROR - Error syncing order to database: 'NoneType' object is not subscriptable
2024-12-18 17:11:34,441 - __main__ - ERROR - Error in main loop: 'NoneType' object is not subscriptable
2024-12-18 17:16:34,443 - __main__ - INFO - Attempting to fetch order 9487196 from API
2024-12-18 17:16:34,608 - __main__ - INFO - API Response Status Code: 200
2024-12-18 17:16:34,608 - __main__ - INFO - API Response Headers: {'Date': 'Wed, 18 Dec 2024 17:16:33 GMT', 'Content-Type': 'application/json; charset=utf-8', 'Transfer-Encoding': 'chunked', 'Connection': 'keep-alive', 'Access-Control-Allow-Origin': '*', 'Access-Control-Allow-Credentials': 'true', 'Access-Control-Allow-Methods': 'PUT, GET, POST, OPTIONS, DELETE, PATCH', 'Access-Control-Allow-Headers': 'DNT,Keep-Alive,User-Agent,X-Requested-With,If-Modified-Since,Cache-Control,Content-Type,Range,Authorization,Access-Control-Allow-Origin', 'Access-Control-Max-Age': '1728000', 'cf-cache-status': 'DYNAMIC', 'Server': 'cloudflare', 'CF-RAY': '8f40cd258ab679ac-LHR', 'Content-Encoding': 'gzip'}
2024-12-18 17:16:34,627 - __main__ - ERROR - Error syncing order to database: 'NoneType' object is not subscriptable
2024-12-18 17:16:34,628 - __main__ - ERROR - Error in main loop: 'NoneType' object is not subscriptable
2024-12-18 17:21:34,637 - __main__ - INFO - Attempting to fetch order 9487196 from API
2024-12-18 17:21:34,934 - __main__ - INFO - API Response Status Code: 200
2024-12-18 17:21:34,934 - __main__ - INFO - API Response Headers: {'Date': 'Wed, 18 Dec 2024 17:21:33 GMT', 'Content-Type': 'application/json; charset=utf-8', 'Transfer-Encoding': 'chunked', 'Connection': 'keep-alive', 'Access-Control-Allow-Origin': '*', 'Access-Control-Allow-Credentials': 'true', 'Access-Control-Allow-Methods': 'PUT, GET, POST, OPTIONS, DELETE, PATCH', 'Access-Control-Allow-Headers': 'DNT,Keep-Alive,User-Agent,X-Requested-With,If-Modified-Since,Cache-Control,Content-Type,Range,Authorization,Access-Control-Allow-Origin', 'Access-Control-Max-Age': '1728000', 'cf-cache-status': 'DYNAMIC', 'Server': 'cloudflare', 'CF-RAY': '8f40d479ba616524-LHR', 'Content-Encoding': 'gzip'}
2024-12-18 17:21:34,950 - __main__ - ERROR - Error syncing order to database: 'NoneType' object is not subscriptable
2024-12-18 17:21:34,951 - __main__ - ERROR - Error in main loop: 'NoneType' object is not subscriptable
2024-12-18 17:26:34,958 - __main__ - INFO - Attempting to fetch order 9487196 from API
2024-12-18 17:26:35,103 - __main__ - INFO - API Response Status Code: 200
2024-12-18 17:26:35,103 - __main__ - INFO - API Response Headers: {'Date': 'Wed, 18 Dec 2024 17:26:34 GMT', 'Content-Type': 'application/json; charset=utf-8', 'Transfer-Encoding': 'chunked', 'Connection': 'keep-alive', 'Access-Control-Allow-Origin': '*', 'Access-Control-Allow-Credentials': 'true', 'Access-Control-Allow-Methods': 'PUT, GET, POST, OPTIONS, DELETE, PATCH', 'Access-Control-Allow-Headers': 'DNT,Keep-Alive,User-Agent,X-Requested-With,If-Modified-Since,Cache-Control,Content-Type,Range,Authorization,Access-Control-Allow-Origin', 'Access-Control-Max-Age': '1728000', 'cf-cache-status': 'DYNAMIC', 'Server': 'cloudflare', 'CF-RAY': '8f40dbcecf919457-LHR', 'Content-Encoding': 'gzip'}
2024-12-18 17:26:35,109 - __main__ - ERROR - Error syncing order to database: 'NoneType' object is not subscriptable
2024-12-18 17:26:35,109 - __main__ - ERROR - Error in main loop: 'NoneType' object is not subscriptable
2024-12-18 17:31:35,120 - __main__ - INFO - Attempting to fetch order 9487196 from API
2024-12-18 17:31:35,240 - __main__ - INFO - API Response Status Code: 200
2024-12-18 17:31:35,240 - __main__ - INFO - API Response Headers: {'Date': 'Wed, 18 Dec 2024 17:31:34 GMT', 'Content-Type': 'application/json; charset=utf-8', 'Transfer-Encoding': 'chunked', 'Connection': 'keep-alive', 'Access-Control-Allow-Origin': '*', 'Access-Control-Allow-Credentials': 'true', 'Access-Control-Allow-Methods': 'PUT, GET, POST, OPTIONS, DELETE, PATCH', 'Access-Control-Allow-Headers': 'DNT,Keep-Alive,User-Agent,X-Requested-With,If-Modified-Since,Cache-Control,Content-Type,Range,Authorization,Access-Control-Allow-Origin', 'Access-Control-Max-Age': '1728000', 'cf-cache-status': 'DYNAMIC', 'Server': 'cloudflare', 'CF-RAY': '8f40e322abaab3f3-MAN', 'Content-Encoding': 'gzip'}
2024-12-18 17:31:35,271 - __main__ - ERROR - Error syncing order to database: 'NoneType' object is not subscriptable
2024-12-18 17:31:35,272 - __main__ - ERROR - Error in main loop: 'NoneType' object is not subscriptable
2024-12-18 17:36:35,274 - __main__ - INFO - Attempting to fetch order 9487196 from API
2024-12-18 17:36:35,404 - __main__ - INFO - API Response Status Code: 200
2024-12-18 17:36:35,404 - __main__ - INFO - API Response Headers: {'Date': 'Wed, 18 Dec 2024 17:36:34 GMT', 'Content-Type': 'application/json; charset=utf-8', 'Transfer-Encoding': 'chunked', 'Connection': 'keep-alive', 'Access-Control-Allow-Origin': '*', 'Access-Control-Allow-Credentials': 'true', 'Access-Control-Allow-Methods': 'PUT, GET, POST, OPTIONS, DELETE, PATCH', 'Access-Control-Allow-Headers': 'DNT,Keep-Alive,User-Agent,X-Requested-With,If-Modified-Since,Cache-Control,Content-Type,Range,Authorization,Access-Control-Allow-Origin', 'Access-Control-Max-Age': '1728000', 'cf-cache-status': 'DYNAMIC', 'Server': 'cloudflare', 'CF-RAY': '8f40ea76bb0d6424-LHR', 'Content-Encoding': 'gzip'}
2024-12-18 17:36:35,436 - __main__ - ERROR - Error syncing order to database: 'NoneType' object is not subscriptable
2024-12-18 17:36:35,437 - __main__ - ERROR - Error in main loop: 'NoneType' object is not subscriptable
2024-12-18 17:41:35,446 - __main__ - INFO - Attempting to fetch order 9487196 from API
2024-12-18 17:41:35,702 - __main__ - INFO - API Response Status Code: 200
2024-12-18 17:41:35,702 - __main__ - INFO - API Response Headers: {'Date': 'Wed, 18 Dec 2024 17:41:34 GMT', 'Content-Type': 'application/json; charset=utf-8', 'Transfer-Encoding': 'chunked', 'Connection': 'keep-alive', 'Access-Control-Allow-Origin': '*', 'Access-Control-Allow-Credentials': 'true', 'Access-Control-Allow-Methods': 'PUT, GET, POST, OPTIONS, DELETE, PATCH', 'Access-Control-Allow-Headers': 'DNT,Keep-Alive,User-Agent,X-Requested-With,If-Modified-Since,Cache-Control,Content-Type,Range,Authorization,Access-Control-Allow-Origin', 'Access-Control-Max-Age': '1728000', 'cf-cache-status': 'DYNAMIC', 'Server': 'cloudflare', 'CF-RAY': '8f40f1cacf3594d3-LHR', 'Content-Encoding': 'gzip'}
2024-12-18 17:41:35,718 - __main__ - ERROR - Error syncing order to database: 'NoneType' object is not subscriptable
2024-12-18 17:41:35,719 - __main__ - ERROR - Error in main loop: 'NoneType' object is not subscriptable
2024-12-18 17:46:35,720 - __main__ - INFO - Attempting to fetch order 9487196 from API
2024-12-18 17:46:36,060 - __main__ - INFO - API Response Status Code: 200
2024-12-18 17:46:36,061 - __main__ - INFO - API Response Headers: {'Date': 'Wed, 18 Dec 2024 17:46:35 GMT', 'Content-Type': 'application/json; charset=utf-8', 'Transfer-Encoding': 'chunked', 'Connection': 'keep-alive', 'Access-Control-Allow-Origin': '*', 'Access-Control-Allow-Credentials': 'true', 'Access-Control-Allow-Methods': 'PUT, GET, POST, OPTIONS, DELETE, PATCH', 'Access-Control-Allow-Headers': 'DNT,Keep-Alive,User-Agent,X-Requested-With,If-Modified-Since,Cache-Control,Content-Type,Range,Authorization,Access-Control-Allow-Origin', 'Access-Control-Max-Age': '1728000', 'cf-cache-status': 'DYNAMIC', 'Server': 'cloudflare', 'CF-RAY': '8f40f92029a39454-LHR', 'Content-Encoding': 'gzip'}
2024-12-18 17:46:36,071 - __main__ - ERROR - Error syncing order to database: 'NoneType' object is not subscriptable
2024-12-18 17:46:36,072 - __main__ - ERROR - Error in main loop: 'NoneType' object is not subscriptable
2024-12-18 17:47:26,210 - __main__ - INFO - Attempting to fetch order 9487196 from API
2024-12-18 17:47:26,402 - __main__ - INFO - API Response URL: https://api.restajet.com/admin_v1/order/Detail?ID=9487196&SessionToken=eyJhbGciOiJIUzI1NiIsInR5cCI6IkpXVCJ9.eyJVc2VySUQiOiI1NDc3IiwiQ29tcGFueUlEIjoiMjkyMCIsImV4cCI6MTc2NjA1MDI5MX0.pRCk4CfcozQlL-ApU8CcBd_z1sHuI9eEoYVM0pY7mLc
2024-12-18 17:48:18,482 - __main__ - INFO - Successfully synchronized order 9487196
2024-12-18 17:51:36,074 - __main__ - INFO - Attempting to fetch order 9487196 from API
2024-12-18 17:51:37,108 - __main__ - INFO - API Response Status Code: 200
2024-12-18 17:51:37,109 - __main__ - INFO - API Response Headers: {'Date': 'Wed, 18 Dec 2024 17:51:36 GMT', 'Content-Type': 'application/json; charset=utf-8', 'Transfer-Encoding': 'chunked', 'Connection': 'keep-alive', 'Access-Control-Allow-Origin': '*', 'Access-Control-Allow-Credentials': 'true', 'Access-Control-Allow-Methods': 'PUT, GET, POST, OPTIONS, DELETE, PATCH', 'Access-Control-Allow-Headers': 'DNT,Keep-Alive,User-Agent,X-Requested-With,If-Modified-Since,Cache-Control,Content-Type,Range,Authorization,Access-Control-Allow-Origin', 'Access-Control-Max-Age': '1728000', 'cf-cache-status': 'DYNAMIC', 'Server': 'cloudflare', 'CF-RAY': '8f4100749cf8eb17-MAN', 'Content-Encoding': 'gzip'}
2024-12-18 17:51:37,117 - __main__ - ERROR - Error syncing order to database: 'NoneType' object is not subscriptable
2024-12-18 17:51:37,118 - __main__ - ERROR - Error in main loop: 'NoneType' object is not subscriptable
2024-12-18 17:53:32,780 - __main__ - INFO - Attempting to fetch order 9487196 from API
2024-12-18 17:53:33,035 - __main__ - INFO - API Response URL: https://api.restajet.com/admin_v1/order/Detail?ID=9487196&SessionToken=eyJhbGciOiJIUzI1NiIsInR5cCI6IkpXVCJ9.eyJVc2VySUQiOiI1NDc3IiwiQ29tcGFueUlEIjoiMjkyMCIsImV4cCI6MTc2NjA1MDI5MX0.pRCk4CfcozQlL-ApU8CcBd_z1sHuI9eEoYVM0pY7mLc
2024-12-18 17:56:37,119 - __main__ - INFO - Attempting to fetch order 9487196 from API
2024-12-18 17:56:37,297 - __main__ - INFO - API Response Status Code: 200
2024-12-18 17:56:37,298 - __main__ - INFO - API Response Headers: {'Date': 'Wed, 18 Dec 2024 17:56:36 GMT', 'Content-Type': 'application/json; charset=utf-8', 'Transfer-Encoding': 'chunked', 'Connection': 'keep-alive', 'Access-Control-Allow-Origin': '*', 'Access-Control-Allow-Credentials': 'true', 'Access-Control-Allow-Methods': 'PUT, GET, POST, OPTIONS, DELETE, PATCH', 'Access-Control-Allow-Headers': 'DNT,Keep-Alive,User-Agent,X-Requested-With,If-Modified-Since,Cache-Control,Content-Type,Range,Authorization,Access-Control-Allow-Origin', 'Access-Control-Max-Age': '1728000', 'cf-cache-status': 'DYNAMIC', 'Server': 'cloudflare', 'CF-RAY': '8f4107ce4f8d88b0-LHR', 'Content-Encoding': 'gzip'}
2024-12-18 17:56:37,309 - __main__ - ERROR - Error syncing order to database: 'NoneType' object is not subscriptable
2024-12-18 17:56:37,310 - __main__ - ERROR - Error in main loop: 'NoneType' object is not subscriptable
